<?xml version="1.0" encoding="UTF-8"?>
<!-- Generated by org.testng.reporters.JUnitReportReporter -->
<testsuite hostname="WINDOWS-UNR7VLH" failures="0" tests="2" name="marchbatch.NewTest" time="0.051" errors="0" timestamp="2023-03-24T10:11:57 IST" skipped="0">
  <testcase classname="marchbatch.NewTest" name="f" time="0.013"/>
  <system-out/>
  <testcase classname="marchbatch.NewTest" name="f" time="0.038"/>
  <system-out/>
</testsuite> <!-- marchbatch.NewTest -->
